<?xml version="1.0" encoding="UTF-8"?>
<!-- Generated by org.testng.reporters.JUnitXMLReporter -->
<testsuite ignored="0" hostname="LAPTOP-N3U58J3F" failures="2" tests="6" name="Test" time="0.082" errors="0" timestamp="2022-04-01T21:44:48 IST">
  <testcase classname="listener.Testing" name="b" time="0.012">
    <failure type="java.lang.AssertionError" message="null">
      <![CDATA[java.lang.AssertionError: null
at listener.Testing.b(Testing.java:19)
at java.base/java.util.ArrayList.forEach(ArrayList.java:1511)
... Removed 29 stack frames]]>
    </failure>
  </testcase> <!-- b -->
  <testcase classname="listener.Testing" name="a" time="0.001"/>
  <testcase classname="listener.Testing" name="c" time="0.0">
    <skipped/>
  </testcase> <!-- c -->
  <testcase classname="listener.Testing1" name="p" time="0.002"/>
  <testcase classname="listener.Testing1" name="q" time="0.001">
    <failure type="java.lang.AssertionError" message="null">
      <![CDATA[java.lang.AssertionError: null
at listener.Testing1.q(Testing1.java:18)
at java.base/java.util.ArrayList.forEach(ArrayList.java:1511)
... Removed 29 stack frames]]>
    </failure>
  </testcase> <!-- q -->
  <testcase classname="listener.Testing1" name="r" time="0.0">
    <skipped/>
  </testcase> <!-- r -->
</testsuite> <!-- Test -->
